RallyVision/proguard_logs/seeds.txt
anastasoft.rallyvision.R$anim: int abc_fade_in
anastasoft.rallyvision.R$anim: int abc_fade_out
anastasoft.rallyvision.R$anim: int abc_slide_in_bottom
anastasoft.rallyvision.R$anim: int abc_slide_in_top
anastasoft.rallyvision.R$anim: int abc_slide_out_bottom
anastasoft.rallyvision.R$anim: int abc_slide_out_top
anastasoft.rallyvision.R$array: int listentries
anastasoft.rallyvision.R$array: int listvalues
anastasoft.rallyvision.R$attr: int actionBarDivider
anastasoft.rallyvision.R$attr: int actionBarItemBackground
anastasoft.rallyvision.R$attr: int actionBarSize
anastasoft.rallyvision.R$attr: int actionBarSplitStyle
anastasoft.rallyvision.R$attr: int actionBarStyle
anastasoft.rallyvision.R$attr: int actionBarTabBarStyle
anastasoft.rallyvision.R$attr: int actionBarTabStyle
anastasoft.rallyvision.R$attr: int actionBarTabTextStyle
anastasoft.rallyvision.R$attr: int actionBarWidgetTheme
anastasoft.rallyvision.R$attr: int actionButtonStyle
anastasoft.rallyvision.R$attr: int actionDropDownStyle
anastasoft.rallyvision.R$attr: int actionLayout
anastasoft.rallyvision.R$attr: int actionMenuTextAppearance
anastasoft.rallyvision.R$attr: int actionMenuTextColor
anastasoft.rallyvision.R$attr: int actionModeBackground
anastasoft.rallyvision.R$attr: int actionModeCloseButtonStyle
anastasoft.rallyvision.R$attr: int actionModeCloseDrawable
anastasoft.rallyvision.R$attr: int actionModeCopyDrawable
anastasoft.rallyvision.R$attr: int actionModeCutDrawable
anastasoft.rallyvision.R$attr: int actionModeFindDrawable
anastasoft.rallyvision.R$attr: int actionModePasteDrawable
anastasoft.rallyvision.R$attr: int actionModePopupWindowStyle
anastasoft.rallyvision.R$attr: int actionModeSelectAllDrawable
anastasoft.rallyvision.R$attr: int actionModeShareDrawable
anastasoft.rallyvision.R$attr: int actionModeSplitBackground
anastasoft.rallyvision.R$attr: int actionModeStyle
anastasoft.rallyvision.R$bool: int abc_action_bar_embed_tabs_pre_jb
anastasoft.rallyvision.R$bool: int abc_action_bar_expanded_action_views_exclusive
anastasoft.rallyvision.R$bool: int abc_config_actionMenuItemAllCaps
anastasoft.rallyvision.R$bool: int abc_config_allowActionMenuItemTextWithIcon
anastasoft.rallyvision.R$bool: int abc_config_showMenuShortcutsWhenKeyboardPresent
anastasoft.rallyvision.R$bool: int abc_split_action_bar_is_narrow
anastasoft.rallyvision.R$bool: int use_activity
anastasoft.rallyvision.R$bool: int use_provider
anastasoft.rallyvision.R$color: int abc_search_url_text_holo
anastasoft.rallyvision.R$color: int abc_search_url_text_normal
anastasoft.rallyvision.R$color: int abc_search_url_text_pressed
anastasoft.rallyvision.R$color: int abc_search_url_text_selected
anastasoft.rallyvision.R$color: int common_action_bar_splitter
anastasoft.rallyvision.R$color: int common_signin_btn_dark_text_default
anastasoft.rallyvision.R$color: int common_signin_btn_dark_text_disabled
anastasoft.rallyvision.R$color: int common_signin_btn_dark_text_focused
anastasoft.rallyvision.R$color: int common_signin_btn_dark_text_pressed
anastasoft.rallyvision.R$color: int common_signin_btn_default_background
anastasoft.rallyvision.R$color: int common_signin_btn_light_text_default
anastasoft.rallyvision.R$color: int common_signin_btn_light_text_disabled
anastasoft.rallyvision.R$color: int common_signin_btn_light_text_focused
anastasoft.rallyvision.R$color: int common_signin_btn_light_text_pressed
anastasoft.rallyvision.R$color: int common_signin_btn_text_dark
anastasoft.rallyvision.R$color: int common_signin_btn_text_light
anastasoft.rallyvision.R$color: int wallet_bright_foreground_disabled_holo_light
anastasoft.rallyvision.R$color: int wallet_bright_foreground_holo_dark
anastasoft.rallyvision.R$color: int wallet_bright_foreground_holo_light
anastasoft.rallyvision.R$color: int wallet_dim_foreground_disabled_holo_dark
anastasoft.rallyvision.R$color: int wallet_dim_foreground_holo_dark
...
com.google.android.gms.internal.ex
com.google.android.gms.internal.ex: java.lang.Thread$UncaughtExceptionHandler tf
com.google.android.gms.internal.ex: java.lang.Thread$UncaughtExceptionHandler tg
com.google.android.gms.internal.ex: android.content.Context mContext
com.google.android.gms.internal.ex: com.google.android.gms.internal.gs th
com.google.android.gms.internal.ex: com.google.android.gms.internal.ex a(android.content.Context,java.lang.Thread,com.google.android.gms.internal.gs)
com.google.android.gms.internal.ex: boolean k(android.content.Context)
com.google.android.gms.internal.ex: ex(android.content.Context,com.google.android.gms.internal.gs,java.lang.Thread$UncaughtExceptionHandler,java.lang.Thread$UncaughtExceptionHandler)
com.google.android.gms.internal.ex: void uncaughtException(java.lang.Thread,java.lang.Throwable)
com.google.android.gms.internal.ex: boolean a(java.lang.Throwable)
com.google.android.gms.internal.ex: boolean G(java.lang.String)
com.google.android.gms.internal.ex: boolean H(java.lang.String)
com.google.android.gms.internal.ex: void b(java.lang.Throwable)
com.google.android.gms.internal.ex: java.lang.String c(java.lang.Throwable)
com.google.android.gms.internal.ex: java.lang.Throwable d(java.lang.Throwable)
com.google.android.gms.internal.ex: java.lang.String cD()
com.google.android.gms.internal.ey
com.google.android.gms.internal.ez
com.google.android.gms.internal.ez: com.google.android.gms.internal.gf a(android.content.Context,com.google.android.gms.internal.fh$a,com.google.android.gms.internal.k,com.google.android.gms.internal.ez$a)
com.google.android.gms.internal.ez$a
com.google.android.gms.internal.ez$a: void a(com.google.android.gms.internal.fy$a)
com.google.android.gms.internal.f
com.google.android.gms.internal.f: int gG
com.google.android.gms.internal.f: int gH
com.google.android.gms.internal.f: int gI
com.google.android.gms.internal.f: int gJ
com.google.android.gms.internal.f: int gK
com.google.android.gms.internal.f: int gL
com.google.android.gms.internal.f: int gM
com.google.android.gms.internal.f: int gN
com.google.android.gms.internal.f: int gO
com.google.android.gms.internal.f: int gP
com.google.android.gms.internal.f: int gQ
com.google.android.gms.internal.f: int gR
com.google.android.gms.internal.f: int gS
com.google.android.gms.internal.f: int gT
com.google.android.gms.internal.f: int gU
com.google.android.gms.internal.f: int gV
com.google.android.gms.internal.f: int gW
com.google.android.gms.internal.f: int gX
com.google.android.gms.internal.f: int gY
com.google.android.gms.internal.f: int gZ
com.google.android.gms.internal.f: int ha
com.google.android.gms.internal.f: int hb
com.google.android.gms.internal.f: int hc
com.google.android.gms.internal.f: int hd
com.google.android.gms.internal.f: int he
com.google.android.gms.internal.f: int hf
com.google.android.gms.internal.f: int hg
com.google.android.gms.internal.f: int hh
com.google.android.gms.internal.f: int hi
com.google.android.gms.internal.f: int hj
com.google.android.gms.internal.f: int hk
com.google.android.gms.internal.f: int hl
com.google.android.gms.internal.f: int hm
com.google.android.gms.internal.f: int hn
com.google.android.gms.internal.f$1
com.google.android.gms.internal.f$a
com.google.android.gms.internal.f$a: void b(byte[],byte[])
com.google.android.gms.internal.f$b
com.google.android.gms.internal.f$b: com.google.android.gms.internal.f kv
com.google.android.gms.internal.f$b: f$b(com.google.android.gms.internal.f)
com.google.android.gms.internal.f$b: void b(byte[],byte[])
com.google.android.gms.internal.f$b: f$b(com.google.android.gms.internal.f,com.google.android.gms.internal.f$1)