RallyVision/proguard_logs/mapping.txt
anastasoft.rallyvision.BTManager.BTManager -> anastasoft.rallyvision.a.a:
    java.util.UUID MY_UUID -> b
    android.os.Handler mHandler -> c
    anastasoft.rallyvision.controller.Controller aController -> a
    android.bluetooth.BluetoothAdapter mAdapter -> d
    anastasoft.rallyvision.BTManager.BTManager$AcceptThread mAcceptThread -> e
    anastasoft.rallyvision.BTManager.BTManager$ConnectThread mConnectThread -> f
    anastasoft.rallyvision.BTManager.BTManager$ConnectedThread mConnectedThread -> g
    int mState -> h
    android.content.res.Resources aResource -> i
    java.lang.String connectedAddress -> j
    void setupBT() -> a
    boolean isBTEnabled() -> b
    void connectToDeviceWith(java.lang.String) -> a
    int getState() -> c
    void setState(int) -> a
    void start() -> d
    void connect(android.bluetooth.BluetoothDevice) -> a
    void connected(android.bluetooth.BluetoothSocket,android.bluetooth.BluetoothDevice) -> a
    void stop() -> e
    void write(byte[]) -> a
    void connectionFailed() -> g
    void connectionLost() -> h
    java.util.UUID access$000() -> f
    android.bluetooth.BluetoothAdapter access$100(anastasoft.rallyvision.BTManager.BTManager) -> a
    int access$200(anastasoft.rallyvision.BTManager.BTManager) -> b
    android.os.Handler access$300(anastasoft.rallyvision.BTManager.BTManager) -> c
    void access$400(anastasoft.rallyvision.BTManager.BTManager) -> d
    void access$500(anastasoft.rallyvision.BTManager.BTManager) -> e
anastasoft.rallyvision.BTManager.BTManager$AcceptThread -> anastasoft.rallyvision.a.b:
    android.bluetooth.BluetoothServerSocket mmServerSocket -> b
    java.lang.String TAG -> c
    anastasoft.rallyvision.BTManager.BTManager this$0 -> a
    void run() -> run
    void cancel() -> a
anastasoft.rallyvision.BTManager.BTManager$ConnectThread -> anastasoft.rallyvision.a.c:
    android.bluetooth.BluetoothSocket mmSocket -> b
    android.bluetooth.BluetoothDevice mmDevice -> c
    anastasoft.rallyvision.BTManager.BTManager this$0 -> a
    void run() -> run
    void cancel() -> a
anastasoft.rallyvision.BTManager.BTManager$ConnectedThread -> anastasoft.rallyvision.a.d:
    android.bluetooth.BluetoothSocket mmSocket -> b
    java.io.InputStream mmInStream -> c
    java.io.OutputStream mmOutStream -> d
    android.os.Message msg -> e
    anastasoft.rallyvision.BTManager.BTManager this$0 -> a
    void run() -> run
    void write(byte[]) -> a
    void cancel() -> a
anastasoft.rallyvision.R -> anastasoft.rallyvision.a:
anastasoft.rallyvision.R$styleable -> anastasoft.rallyvision.b:
    int[] ActionBar -> ActionBar
    int ActionBar_background -> ActionBar_background
    int ActionBar_backgroundSplit -> ActionBar_backgroundSplit
    int ActionBar_backgroundStacked -> ActionBar_backgroundStacked
    int ActionBar_customNavigationLayout -> ActionBar_customNavigationLayout
    int ActionBar_displayOptions -> ActionBar_displayOptions
    int ActionBar_divider -> ActionBar_divider
    int ActionBar_height -> ActionBar_height
    int ActionBar_homeLayout -> ActionBar_homeLayout
    int ActionBar_icon -> ActionBar_icon
    int ActionBar_indeterminateProgressStyle -> ActionBar_indeterminateProgressStyle
    int ActionBar_itemPadding -> ActionBar_itemPadding
    int ActionBar_logo -> ActionBar_logo
    int ActionBar_navigationMode -> ActionBar_navigationMode
    int ActionBar_progressBarPadding -> ActionBar_progressBarPadding
    int ActionBar_progressBarStyle -> ActionBar_progressBarStyle
    int ActionBar_subtitle -> ActionBar_subtitle
    int ActionBar_subtitleTextStyle -> ActionBar_subtitleTextStyle
    int ActionBar_title -> ActionBar_title
    int ActionBar_titleTextStyle -> ActionBar_titleTextStyle
    int[] ActionBarLayout -> ActionBarLayout
    int ActionBarLayout_android_layout_gravity -> ActionBarLayout_android_layout_gravity
    int[] ActionBarWindow -> ActionBarWindow
    int ActionBarWindow_windowActionBar -> ActionBarWindow_windowActionBar
...
com.google.android.gms.drive.CreateFileActivityBuilder -> com.google.android.gms.drive.CreateFileActivityBuilder:
    java.lang.String EXTRA_RESPONSE_DRIVE_ID -> EXTRA_RESPONSE_DRIVE_ID
    com.google.android.gms.drive.internal.i Ol -> Ol
    com.google.android.gms.drive.DriveContents Om -> Om
    boolean On -> On
    com.google.android.gms.drive.CreateFileActivityBuilder setInitialDriveContents(com.google.android.gms.drive.DriveContents) -> setInitialDriveContents
    com.google.android.gms.drive.CreateFileActivityBuilder setInitialMetadata(com.google.android.gms.drive.MetadataChangeSet) -> setInitialMetadata
    com.google.android.gms.drive.CreateFileActivityBuilder setActivityStartFolder(com.google.android.gms.drive.DriveId) -> setActivityStartFolder
    com.google.android.gms.drive.CreateFileActivityBuilder setActivityTitle(java.lang.String) -> setActivityTitle
    android.content.IntentSender build(com.google.android.gms.common.api.GoogleApiClient) -> build
com.google.android.gms.drive.Drive -> com.google.android.gms.drive.Drive:
    com.google.android.gms.common.api.Api$c DQ -> DQ
    com.google.android.gms.common.api.Scope SCOPE_FILE -> SCOPE_FILE
    com.google.android.gms.common.api.Scope SCOPE_APPFOLDER -> SCOPE_APPFOLDER
    com.google.android.gms.common.api.Scope Oo -> Oo
    com.google.android.gms.common.api.Scope Op -> Op
    com.google.android.gms.common.api.Api API -> API
    com.google.android.gms.common.api.Api Oq -> Oq
    com.google.android.gms.drive.DriveApi DriveApi -> DriveApi
    com.google.android.gms.drive.b Or -> Or
    com.google.android.gms.drive.e Os -> Os
    com.google.android.gms.drive.DrivePreferencesApi DrivePreferencesApi -> DrivePreferencesApi
com.google.android.gms.drive.Drive$1 -> com.google.android.gms.drive.Drive$1:
    android.os.Bundle a(com.google.android.gms.common.api.Api$ApiOptions$NoOptions) -> a
    android.os.Bundle a(com.google.android.gms.common.api.Api$ApiOptions) -> a
com.google.android.gms.drive.Drive$2 -> com.google.android.gms.drive.Drive$2:
    android.os.Bundle a(com.google.android.gms.drive.Drive$b) -> a
    android.os.Bundle a(com.google.android.gms.common.api.Api$ApiOptions) -> a
com.google.android.gms.drive.Drive$a -> com.google.android.gms.drive.Drive$a:
    com.google.android.gms.drive.internal.r a(android.content.Context,android.os.Looper,com.google.android.gms.internal.jg,com.google.android.gms.common.api.Api$ApiOptions,com.google.android.gms.common.api.GoogleApiClient$ConnectionCallbacks,com.google.android.gms.common.api.GoogleApiClient$OnConnectionFailedListener) -> a
    android.os.Bundle a(com.google.android.gms.common.api.Api$ApiOptions) -> a
    int getPriority() -> getPriority
    com.google.android.gms.common.api.Api$a a(android.content.Context,android.os.Looper,com.google.android.gms.internal.jg,java.lang.Object,com.google.android.gms.common.api.GoogleApiClient$ConnectionCallbacks,com.google.android.gms.common.api.GoogleApiClient$OnConnectionFailedListener) -> a
com.google.android.gms.drive.Drive$b -> com.google.android.gms.drive.Drive$b:
    android.os.Bundle DJ -> DJ
    android.os.Bundle iq() -> iq