RallyVision/proguard_logs/usage.txt
anastasoft.rallyvision.BTManager.BTManager:
    public static final int STATE_NONE
    public static final int STATE_LISTEN
    public static final int STATE_CONNECTING
    public static final int STATE_CONNECTED
    private static final java.lang.String TAG
    private static final java.lang.String NAME
    65:68:public boolean hasBTDevide()
anastasoft.rallyvision.BuildConfig
anastasoft.rallyvision.R:
    10:10:public R()
anastasoft.rallyvision.R$anim
anastasoft.rallyvision.R$array
anastasoft.rallyvision.R$attr
anastasoft.rallyvision.R$bool
anastasoft.rallyvision.R$color
anastasoft.rallyvision.R$dimen
anastasoft.rallyvision.R$drawable
anastasoft.rallyvision.R$id
anastasoft.rallyvision.R$integer
anastasoft.rallyvision.R$layout
anastasoft.rallyvision.R$menu
anastasoft.rallyvision.R$raw
anastasoft.rallyvision.R$string
anastasoft.rallyvision.R$style
anastasoft.rallyvision.R$styleable:
    2575:2575:public R$styleable()
anastasoft.rallyvision.R$xml
anastasoft.rallyvision.Slider.Motorista:
    public static final int RELATIVE_STATE_ADIANTADO
    public static final int RELATIVE_STATE_OK
    public static final int RELATIVE_STATE_ATRASADO
    public static final int ABSOLUTE_STATE_DONE
    public static final int ABSOLUTE_STATE_RUNNING
    protected abstract void zeraTrocandoTrecho()
anastasoft.rallyvision.Slider.Prova_Trecho.Prova:
    private static final java.lang.String KEY_TIPO
    private static final java.lang.String KEY_NUM
    private static final java.lang.String KEY_KI
    private static final java.lang.String KEY_KF
    private static final java.lang.String KEY_DTTRECHO_VMEDIO
    private static final java.lang.String KEY_TI
anastasoft.rallyvision.Slider.Prova_Trecho.Trecho.Trecho:
    21:21:public float getTi()
anastasoft.rallyvision.Slider.Prova_Trecho.Trecho.TrechoV:
    21:21:public float getvMedio()
anastasoft.rallyvision.Slider.SliderCore:
    private float dSFinal
    private float dTfinal
    private java.util.ArrayList prova
    42:42:public anastasoft.rallyvision.Slider.MotoristaIdeal getStatusMotoristaIdeal()
    46:46:public anastasoft.rallyvision.Slider.MotoristaUsuario getStatusMotoristaUsuario()
    52:52:public void setPercentPercorrido()
anastasoft.rallyvision.activity.ConnectMediator:
    private static final int APLICATION_DISCONECTED
    private static final int APLICATION_CONNECTING
    private static final int APLICATION_CONNECTED
anastasoft.rallyvision.activity.DeviceListActivity:
    private static final java.lang.String TAG
anastasoft.rallyvision.activity.EscolheAluguel:
    115:116:public void complain(java.lang.String)
    120:124:private void alert(java.lang.String)
anastasoft.rallyvision.activity.MenuPrincipal:
    private static final int RESULT_SETTINGS
    private static final int CAR_STATUS
    private static final int MOTORISTA_USUARIO
    private static final int MOTORISTA_IDEAL
    private static final java.lang.String TAG
    private android.widget.ToggleButton mConnect
    private android.widget.TextView mStatusText
    private android.widget.Button mCheckLicenseButton
    private static final int TIME_INTERVAL
    private static final int APLICATION_DISCONECTED
    private static final int APLICATION_CONNECTING
    private static final int APLICATION_CONNECTED
    private static final int REQUEST_CHOOSER
    570:572:public android.widget.Button getConnectButton()
    593:601:public void makeConnectBOrange()
    707:709:public void askKeepRatio()
    712:724:private void hideActionBar()
    736:743:public void displayDialog(boolean)
    61:61:static synthetic android.widget.Button access$000(anastasoft.rallyvision.activity.MenuPrincipal)
anastasoft.rallyvision.activity.MenuPrincipal$6
anastasoft.rallyvision.activity.SettingsActivity:
    private static final boolean ALWAYS_SIMPLE_PREFS
    115:125:private static void bindPreferenceSummaryToValue(android.preference.Preference)
    41:41:static synthetic void access$000(android.preference.Preference)
...
android.support.v7.internal.view.menu.ListMenuPresenter:
    private static final java.lang.String TAG
    private int mId
    public static final java.lang.String VIEWS_TAG
    67:70:public ListMenuPresenter(android.content.Context,int)
    163:163:int getItemIndexOffset()
    167:171:public void setItemIndexOffset(int)
    192:197:public void saveHierarchyState(android.os.Bundle)
    200:204:public void restoreHierarchyState(android.os.Bundle)
    207:208:public void setId(int)
    212:212:public int getId()
    217:223:public android.os.Parcelable onSaveInstanceState()
    228:229:public void onRestoreInstanceState(android.os.Parcelable)
android.support.v7.internal.view.menu.MenuBuilder:
    private static final java.lang.String TAG
    private static final java.lang.String PRESENTER_KEY
    private static final java.lang.String ACTION_VIEW_STATES_KEY
    private static final java.lang.String EXPANDED_ACTION_VIEW_ID
    209:210:public android.support.v7.internal.view.menu.MenuBuilder setDefaultShowAsAction(int)
    276:298:private void dispatchSaveInstanceState(android.os.Bundle)
    301:321:private void dispatchRestoreInstanceState(android.os.Bundle)
    324:325:public void savePresenterStates(android.os.Bundle)
    328:329:public void restorePresenterStates(android.os.Bundle)
    533:534:public void removeItemAt(int)
    537:543:public void clearAll()
    747:753:public void setShortcutsVisible(boolean)
    1203:1204:protected android.support.v7.internal.view.menu.MenuBuilder setHeaderTitleInt(int)
    1227:1228:protected android.support.v7.internal.view.menu.MenuBuilder setHeaderIconInt(int)
    1272:1273:public void setCurrentMenuInfo(android.view.ContextMenu$ContextMenuInfo)
    1276:1277:void setOptionalIconsVisible(boolean)
android.support.v7.internal.view.menu.MenuDialogHelper:
    132:133:public void setPresenterCallback(android.support.v7.internal.view.menu.MenuPresenter$Callback)
android.support.v7.internal.view.menu.MenuItemImpl:
    private static final java.lang.String TAG
    private static final int SHOW_AS_ACTION_MASK
    private static final int CHECKABLE
    private static final int CHECKED
    private static final int EXCLUSIVE
    private static final int HIDDEN
    private static final int ENABLED
    private static final int IS_ACTION
    static final int NO_ICON
    233:233:java.lang.Runnable getCallback()
    237:238:public android.view.MenuItem setCallback(java.lang.Runnable)
    713:714:public android.support.v4.internal.view.SupportMenuItem setSupportOnActionExpandListener(android.support.v4.view.MenuItemCompat$OnActionExpandListener)
android.support.v7.internal.view.menu.MenuItemWrapperICS:
    static final java.lang.String LOG_TAG
    308:310:public android.support.v4.internal.view.SupportMenuItem setSupportOnActionExpandListener(android.support.v4.view.MenuItemCompat$OnActionExpandListener)
android.support.v7.internal.view.menu.MenuItemWrapperICS$OnActionExpandListenerWrapper
android.support.v7.internal.view.menu.MenuPopupHelper:
    private static final java.lang.String TAG
    70:71:public MenuPopupHelper(android.content.Context,android.support.v7.internal.view.menu.MenuBuilder)
    74:75:public MenuPopupHelper(android.content.Context,android.support.v7.internal.view.menu.MenuBuilder,android.view.View)
    94:95:public void setAnchorView(android.view.View)
    102:105:public void show()
    217:217:public android.support.v7.internal.view.menu.MenuView getMenuView(android.view.ViewGroup)
    287:287:public int getId()
    292:292:public android.os.Parcelable onSaveInstanceState()
    297:297:public void onRestoreInstanceState(android.os.Parcelable)